{
  "submission_id": "S9",
  "user_id": "U2",
  "problem_id": "P2",
  "timestamp": "2025-08-25T20:33:56Z",
  "status": "compilation_error",
  "language": "c",
  "test_results": [
    {
      "test_case_number": 1,
      "status": "compilation_error",
      "message": "Compilation Error: solution.c: In function 'main':\nsolution.c:11:11: error: stray '\\' in program\nsolution.c:11:12: warning: missing terminating \" character\nsolution.c:11:12: error: missing terminating \" character\nsolution.c:13:12: error: stray '\\' in program\nsolution.c:13:13: warning: missing terminating \" character\nsolution.c:13:13: error: missing terminating \" character\nsolution.c:15:5: error: expected expression before 'return'\nsolution.c:15:14: error: expected ')' before '}' token\nsolution.c:11:10: note: to match this '('\nsolution.c:15:14: error: expected ';' before '}' token\n",
      "execution_time": 0,
      "memory_usage": 0,
      "actual_output": "",
      "expected_output": "0"
    },
    {
      "test_case_number": 2,
      "status": "compilation_error",
      "message": "Compilation Error: solution.c: In function 'main':\nsolution.c:11:11: error: stray '\\' in program\nsolution.c:11:12: warning: missing terminating \" character\nsolution.c:11:12: error: missing terminating \" character\nsolution.c:13:12: error: stray '\\' in program\nsolution.c:13:13: warning: missing terminating \" character\nsolution.c:13:13: error: missing terminating \" character\nsolution.c:15:5: error: expected expression before 'return'\nsolution.c:15:14: error: expected ')' before '}' token\nsolution.c:11:10: note: to match this '('\nsolution.c:15:14: error: expected ';' before '}' token\n",
      "execution_time": 0,
      "memory_usage": 0,
      "actual_output": "",
      "expected_output": "0"
    },
    {
      "test_case_number": 3,
      "status": "compilation_error",
      "message": "Compilation Error: solution.c: In function 'main':\nsolution.c:11:11: error: stray '\\' in program\nsolution.c:11:12: warning: missing terminating \" character\nsolution.c:11:12: error: missing terminating \" character\nsolution.c:13:12: error: stray '\\' in program\nsolution.c:13:13: warning: missing terminating \" character\nsolution.c:13:13: error: missing terminating \" character\nsolution.c:15:5: error: expected expression before 'return'\nsolution.c:15:14: error: expected ')' before '}' token\nsolution.c:11:10: note: to match this '('\nsolution.c:15:14: error: expected ';' before '}' token\n",
      "execution_time": 0,
      "memory_usage": 0,
      "actual_output": "",
      "expected_output": "3"
    }
  ]
}